2019-04-03 03:11:55,026 CRIT Supervisor running as root (no user in config file)
2019-04-03 03:11:55,026 INFO Included extra file "/etc/supervisor/conf.d/supervisord.conf" during parsing
2019-04-03 03:11:55,049 INFO RPC interface 'supervisor' initialized
2019-04-03 03:11:55,049 CRIT Server 'unix_http_server' running without any HTTP authentication checking
2019-04-03 03:11:55,050 INFO supervisord started with pid 1
2019-04-03 03:11:56,054 INFO spawned: 'varnishd' with pid 15
2019-04-03 03:11:56,058 INFO spawned: 'php-fpm' with pid 16
2019-04-03 03:11:56,060 INFO spawned: 'varnish-plugins-watcher' with pid 17
2019-04-03 03:11:56,064 INFO spawned: 'nginx' with pid 18
2019-04-03 03:11:56,077 INFO spawned: 'MailHog' with pid 19
2019-04-03 03:11:56,092 INFO spawned: 'mysql' with pid 20
2019-04-03 03:11:56,120 INFO spawned: 'varnish-themes-watcher' with pid 21
2019-04-03 03:11:57,425 INFO success: varnishd entered RUNNING state, process has stayed up for > than 1 seconds (startsecs)
2019-04-03 03:11:57,425 INFO success: php-fpm entered RUNNING state, process has stayed up for > than 1 seconds (startsecs)
2019-04-03 03:11:57,425 INFO success: varnish-plugins-watcher entered RUNNING state, process has stayed up for > than 1 seconds (startsecs)
2019-04-03 03:11:57,426 INFO success: nginx entered RUNNING state, process has stayed up for > than 1 seconds (startsecs)
2019-04-03 03:11:57,426 INFO success: MailHog entered RUNNING state, process has stayed up for > than 1 seconds (startsecs)
2019-04-03 03:11:57,426 INFO success: mysql entered RUNNING state, process has stayed up for > than 1 seconds (startsecs)
2019-04-03 03:11:57,426 INFO success: varnish-themes-watcher entered RUNNING state, process has stayed up for > than 1 seconds (startsecs)
2019-04-03 04:32:22,317 INFO exited: varnishd (exit status 0; expected)
2019-04-03 04:32:23,328 INFO spawned: 'varnishd' with pid 4352
2019-04-03 04:32:24,329 INFO success: varnishd entered RUNNING state, process has stayed up for > than 1 seconds (startsecs)
